<?xml version="1.0" encoding="UTF-8"?>
<testng-results skipped="0" failed="1" ignored="0" total="3" passed="2">
  <reporter-output>
  </reporter-output>
  <suite name="Default suite" duration-ms="38062" started-at="2022-09-01T22:02:05 IST" finished-at="2022-09-01T22:02:43 IST">
    <groups>
    </groups>
    <test name="Default test" duration-ms="38062" started-at="2022-09-01T22:02:05 IST" finished-at="2022-09-01T22:02:43 IST">
      <class name="com.autopanda.qa.test.HomePageTest">
        <test-method status="PASS" signature="setup()[pri:0, instance:com.autopanda.qa.test.HomePageTest@ea1a8d5]" name="setup" is-config="true" duration-ms="13824" started-at="2022-09-01T22:02:05 IST" finished-at="2022-09-01T22:02:19 IST">
          <reporter-output>
          </reporter-output>
        </test-method> <!-- setup -->
        <test-method status="FAIL" signature="verifyContactPageTest()[pri:0, instance:com.autopanda.qa.test.HomePageTest@ea1a8d5]" name="verifyContactPageTest" duration-ms="946" started-at="2022-09-01T22:02:19 IST" finished-at="2022-09-01T22:02:20 IST">
          <exception class="java.lang.AssertionError">
            <message>
              <![CDATA[expected [Contact | Automation Panda] but found [Automation Panda | A blog for software development and testing]]]>
            </message>
            <full-stacktrace>
              <![CDATA[java.lang.AssertionError: expected [Contact | Automation Panda] but found [Automation Panda | A blog for software development and testing]
at org.testng.Assert.fail(Assert.java:97)
at org.testng.Assert.assertEqualsImpl(Assert.java:136)
at org.testng.Assert.assertEquals(Assert.java:118)
at org.testng.Assert.assertEquals(Assert.java:575)
at org.testng.Assert.assertEquals(Assert.java:585)
at com.autopanda.qa.test.HomePageTest.verifyContactPageTest(HomePageTest.java:45)
at sun.reflect.NativeMethodAccessorImpl.invoke0(Native Method)
at sun.reflect.NativeMethodAccessorImpl.invoke(Unknown Source)
at sun.reflect.DelegatingMethodAccessorImpl.invoke(Unknown Source)
at java.lang.reflect.Method.invoke(Unknown Source)
at org.testng.internal.MethodInvocationHelper.invokeMethod(MethodInvocationHelper.java:134)
at org.testng.internal.TestInvoker.invokeMethod(TestInvoker.java:597)
at org.testng.internal.TestInvoker.invokeTestMethod(TestInvoker.java:173)
at org.testng.internal.MethodRunner.runInSequence(MethodRunner.java:46)
at org.testng.internal.TestInvoker$MethodInvocationAgent.invoke(TestInvoker.java:816)
at org.testng.internal.TestInvoker.invokeTestMethods(TestInvoker.java:146)
at org.testng.internal.TestMethodWorker.invokeTestMethods(TestMethodWorker.java:146)
at org.testng.internal.TestMethodWorker.run(TestMethodWorker.java:128)
at java.util.ArrayList.forEach(Unknown Source)
at org.testng.TestRunner.privateRun(TestRunner.java:766)
at org.testng.TestRunner.run(TestRunner.java:587)
at org.testng.SuiteRunner.runTest(SuiteRunner.java:384)
at org.testng.SuiteRunner.runSequentially(SuiteRunner.java:378)
at org.testng.SuiteRunner.privateRun(SuiteRunner.java:337)
at org.testng.SuiteRunner.run(SuiteRunner.java:286)
at org.testng.SuiteRunnerWorker.runSuite(SuiteRunnerWorker.java:53)
at org.testng.SuiteRunnerWorker.run(SuiteRunnerWorker.java:96)
at org.testng.TestNG.runSuitesSequentially(TestNG.java:1187)
at org.testng.TestNG.runSuitesLocally(TestNG.java:1109)
at org.testng.TestNG.runSuites(TestNG.java:1039)
at org.testng.TestNG.run(TestNG.java:1007)
at org.testng.remote.AbstractRemoteTestNG.run(AbstractRemoteTestNG.java:115)
at org.testng.remote.RemoteTestNG.initAndRun(RemoteTestNG.java:251)
at org.testng.remote.RemoteTestNG.main(RemoteTestNG.java:77)
]]>
            </full-stacktrace>
          </exception> <!-- java.lang.AssertionError -->
          <reporter-output>
          </reporter-output>
        </test-method> <!-- verifyContactPageTest -->
        <test-method status="PASS" signature="setup()[pri:0, instance:com.autopanda.qa.test.HomePageTest@ea1a8d5]" name="setup" is-config="true" duration-ms="11587" started-at="2022-09-01T22:02:20 IST" finished-at="2022-09-01T22:02:31 IST">
          <reporter-output>
          </reporter-output>
        </test-method> <!-- setup -->
        <test-method status="PASS" signature="verifyHeadingTest()[pri:0, instance:com.autopanda.qa.test.HomePageTest@ea1a8d5]" name="verifyHeadingTest" duration-ms="36" started-at="2022-09-01T22:02:31 IST" finished-at="2022-09-01T22:02:32 IST">
          <reporter-output>
          </reporter-output>
        </test-method> <!-- verifyHeadingTest -->
        <test-method status="PASS" signature="setup()[pri:0, instance:com.autopanda.qa.test.HomePageTest@ea1a8d5]" name="setup" is-config="true" duration-ms="11579" started-at="2022-09-01T22:02:32 IST" finished-at="2022-09-01T22:02:43 IST">
          <reporter-output>
          </reporter-output>
        </test-method> <!-- setup -->
        <test-method status="PASS" signature="verifyTitleTest()[pri:0, instance:com.autopanda.qa.test.HomePageTest@ea1a8d5]" name="verifyTitleTest" duration-ms="22" started-at="2022-09-01T22:02:43 IST" finished-at="2022-09-01T22:02:43 IST">
          <reporter-output>
          </reporter-output>
        </test-method> <!-- verifyTitleTest -->
      </class> <!-- com.autopanda.qa.test.HomePageTest -->
    </test> <!-- Default test -->
  </suite> <!-- Default suite -->
</testng-results>
